<?xml version="1.0" encoding="UTF-8"?>
<!-- Generated by org.testng.reporters.JUnitReportReporter -->
<testsuite hostname="AlBadr-LapTop" failures="0" tests="2" name="testcases.TC05_Overview" time="0.465" errors="0" timestamp="2025-01-25T13:56:11 EET" skipped="0">
  <testcase classname="testcases.TC05_Overview" name="completeOrderAndValidatePrice" time="0.104"/>
  <testcase classname="testcases.TC05_Overview" name="clickOnFinishBtn" time="0.361"/>
</testsuite> <!-- testcases.TC05_Overview -->
