<?xml version="1.0" encoding="UTF-8"?>
<!-- Generated by org.testng.reporters.JUnitReportReporter -->
<testsuite hostname="AlBadr-LapTop" failures="0" tests="1" name="testcases.TC04_Checkout" time="0.580" errors="0" timestamp="2025-01-25T13:56:11 EET" skipped="0">
  <testcase classname="testcases.TC04_Checkout" name="enterDataInCheckoutPage" time="0.580"/>
</testsuite> <!-- testcases.TC04_Checkout -->
