<?xml version="1.0" encoding="UTF-8"?>
<!-- Generated by org.testng.reporters.JUnitReportReporter -->
<testsuite hostname="AlBadr-LapTop" failures="0" tests="2" name="testcases.TC02_Inventory" time="2.324" errors="0" timestamp="2025-01-25T13:56:11 EET" skipped="0">
  <testcase classname="testcases.TC02_Inventory" name="selectItemsRandomly" time="0.829"/>
  <testcase classname="testcases.TC02_Inventory" name="clickOnCartBtn" time="1.495"/>
</testsuite> <!-- testcases.TC02_Inventory -->
