<?xml version="1.0" encoding="UTF-8"?>
<!-- Generated by org.testng.reporters.JUnitReportReporter -->
<testsuite hostname="AlBadr-LapTop" failures="0" tests="1" name="testcases.TC01_Login" time="1.572" errors="0" timestamp="2025-01-25T13:56:11 EET" skipped="0">
  <testcase classname="testcases.TC01_Login" name="loginWithValidUsernameAndPassword" time="1.572"/>
</testsuite> <!-- testcases.TC01_Login -->
